<?xml version="1.0" encoding="UTF-8"?>
<testng-results ignored="0" total="2" passed="2" failed="0" skipped="0">
  <reporter-output>
  </reporter-output>
  <suite started-at="2023-08-30T10:52:37 IST" name="TestNG suite" finished-at="2023-08-30T10:52:51 IST" duration-ms="13184">
    <groups>
    </groups>
    <test started-at="2023-08-30T10:52:37 IST" name="Add Package" finished-at="2023-08-30T10:52:43 IST" duration-ms="5686">
      <class name="testcases.Add_Package">
        <test-method is-config="true" signature="login()[pri:0, instance:testcases.Add_Package@4803b726]" started-at="2023-08-30T10:52:37 IST" name="login" finished-at="2023-08-30T10:52:39 IST" duration-ms="1598" status="PASS">
          <reporter-output>
          </reporter-output>
        </test-method> <!-- login -->
        <test-method signature="addPackageTest()[pri:0, instance:testcases.Add_Package@4803b726]" started-at="2023-08-30T10:52:39 IST" name="addPackageTest" finished-at="2023-08-30T10:52:42 IST" duration-ms="3305" status="PASS">
          <reporter-output>
          </reporter-output>
        </test-method> <!-- addPackageTest -->
        <test-method is-config="true" signature="logout()[pri:0, instance:testcases.Add_Package@4803b726]" started-at="2023-08-30T10:52:42 IST" name="logout" finished-at="2023-08-30T10:52:43 IST" duration-ms="710" status="PASS">
          <reporter-output>
          </reporter-output>
        </test-method> <!-- logout -->
      </class> <!-- testcases.Add_Package -->
    </test> <!-- Add Package -->
    <test started-at="2023-08-30T10:52:43 IST" name="Delete Packege" finished-at="2023-08-30T10:52:51 IST" duration-ms="7369">
      <class name="testcases.Delete_Package">
        <test-method is-config="true" signature="launchApp()[pri:0, instance:testcases.Delete_Package@942a29c]" started-at="2023-08-30T10:52:34 IST" name="launchApp" finished-at="2023-08-30T10:52:37 IST" duration-ms="3184" status="PASS">
          <reporter-output>
          </reporter-output>
        </test-method> <!-- launchApp -->
        <test-method is-config="true" signature="login()[pri:0, instance:testcases.Delete_Package@942a29c]" started-at="2023-08-30T10:52:43 IST" name="login" finished-at="2023-08-30T10:52:45 IST" duration-ms="1506" status="PASS">
          <reporter-output>
          </reporter-output>
        </test-method> <!-- login -->
        <test-method signature="delete_Package()[pri:0, instance:testcases.Delete_Package@942a29c]" started-at="2023-08-30T10:52:45 IST" name="delete_Package" finished-at="2023-08-30T10:52:50 IST" duration-ms="5216" status="PASS">
          <reporter-output>
          </reporter-output>
        </test-method> <!-- delete_Package -->
        <test-method is-config="true" signature="logout()[pri:0, instance:testcases.Delete_Package@942a29c]" started-at="2023-08-30T10:52:50 IST" name="logout" finished-at="2023-08-30T10:52:51 IST" duration-ms="647" status="PASS">
          <reporter-output>
          </reporter-output>
        </test-method> <!-- logout -->
        <test-method is-config="true" signature="closeApp()[pri:0, instance:testcases.Delete_Package@942a29c]" started-at="2023-08-30T10:52:51 IST" name="closeApp" finished-at="2023-08-30T10:52:51 IST" duration-ms="187" status="PASS">
          <reporter-output>
          </reporter-output>
        </test-method> <!-- closeApp -->
      </class> <!-- testcases.Delete_Package -->
    </test> <!-- Delete Packege -->
  </suite> <!-- TestNG suite -->
</testng-results>
